Building DAG of jobs...
Using shell: /usr/bin/bash
Provided cores: 8
Rules claiming more threads will be scaled down.
Job counts:
	count	jobs
	1	all
	1	assemble_unmapped
	1	assembled_references
	1	bam_sort
	1	bowtie2_map
	1	build_contigs
	1	create_tsv
	1	join_contigs
	1	mapping_stats
	1	pilon_contigs
	1	pilon_map
	1	sam_to_bam
	1	stats_all
	1	stats_genome
	14

[Sat Oct 31 02:58:43 2020]
Job 10: ---Build index .

bowtie2-build -o 3 --threads 8 -q data/C302F_2016_BR.fasta results/metacompass_2/1124215/assembly/mc.index 1>> results/metacompass_2/1124215/assembly/mc.index 2>&1;bowtie2 -a --end-to-end --sensitive --no-unal -p 8 -x results/metacompass_2/1124215/assembly/mc.index -q -U data/unmapped_2/1124215_Unmapped.out.mate1.gz,data/unmapped_2/1124215_Unmapped.out.mate2.gz -S results/metacompass_2/1124215/assembly/mc.sam.all > results/metacompass_2/1124215/logs/bowtie2map.log 2>&1; python3 /home/ftencaten/MetaCompass-2.0-beta/bin/best_strata.py results/metacompass_2/1124215/assembly/mc.sam.all results/metacompass_2/1124215/assembly/mc.sam; rm results/metacompass_2/1124215/assembly/mc.sam.all && touch results/metacompass_2/1124215/assembly/.run1.ok
[Sat Oct 31 02:59:17 2020]
Finished job 10.
1 of 14 steps (7%) done

[Sat Oct 31 02:59:17 2020]
Job 6: ---Build contigs .

/home/ftencaten/MetaCompass-2.0-beta/bin/buildcontig -r data/C302F_2016_BR.fasta -s results/metacompass_2/1124215/assembly/mc.sam -o results/metacompass_2/1124215/assembly -c 3 -l 1 -n F -b F -u F -k breadth  1>> results/metacompass_2/1124215/logs/buildcontigs.log 2>&1 && touch results/metacompass_2/1124215/assembly/.run2.ok
[Sat Oct 31 02:59:17 2020]
Finished job 6.
2 of 14 steps (14%) done

[Sat Oct 31 02:59:17 2020]
Job 11: ---Map reads for pilon polishing.

bowtie2-build --threads 8 -q results/metacompass_2/1124215/assembly/contigs.fasta results/metacompass_2/1124215/error_correction/mc.index 1>> results/metacompass_2/1124215/error_correction/mc.index 2>&1;bowtie2 --no-mixed --sensitive --no-unal -p 8 -x results/metacompass_2/1124215/error_correction/mc.index -q -1 data/unmapped_2/1124215_Unmapped.out.mate1.gz -2 data/unmapped_2/1124215_Unmapped.out.mate2.gz -S results/metacompass_2/1124215/error_correction/mc.sam --un-conc results/metacompass_2/1124215/error_correction/mc.sam.unmapped.fq > results/metacompass_2/1124215/logs/pilonmap.log 2>&1 && touch results/metacompass_2/1124215/error_correction/.run1.ok
[Sat Oct 31 02:59:17 2020]
Error in rule pilon_map:
    jobid: 11
    output: results/metacompass_2/1124215/error_correction/mc.index, results/metacompass_2/1124215/error_correction/mc.index, results/metacompass_2/1124215/error_correction/mc.sam, results/metacompass_2/1124215/error_correction/mc.sam.unmapped.1.fq, results/metacompass_2/1124215/error_correction/mc.sam.unmapped.2.fq, results/metacompass_2/1124215/logs/pilonmap.log

RuleException:
CalledProcessError in line 92 of /home/ftencaten/MetaCompass-2.0-beta/snakemake/metacompass.ref.paired.py:
Command ' set -euo pipefail;  bowtie2-build --threads 8 -q results/metacompass_2/1124215/assembly/contigs.fasta results/metacompass_2/1124215/error_correction/mc.index 1>> results/metacompass_2/1124215/error_correction/mc.index 2>&1;bowtie2 --no-mixed --sensitive --no-unal -p 8 -x results/metacompass_2/1124215/error_correction/mc.index -q -1 data/unmapped_2/1124215_Unmapped.out.mate1.gz -2 data/unmapped_2/1124215_Unmapped.out.mate2.gz -S results/metacompass_2/1124215/error_correction/mc.sam --un-conc results/metacompass_2/1124215/error_correction/mc.sam.unmapped.fq > results/metacompass_2/1124215/logs/pilonmap.log 2>&1 && touch results/metacompass_2/1124215/error_correction/.run1.ok ' returned non-zero exit status 1.
  File "/home/ftencaten/MetaCompass-2.0-beta/snakemake/metacompass.ref.paired.py", line 92, in __rule_pilon_map
  File "/usr/lib/python3.7/concurrent/futures/thread.py", line 57, in run
Removing output files of failed job pilon_map since they might be corrupted:
results/metacompass_2/1124215/error_correction/mc.index, results/metacompass_2/1124215/error_correction/mc.index
Shutting down, this might take some time.
Exiting because a job execution failed. Look above for error message
Complete log: /home/ftencaten/GDrive/Projetos/chikv_total-rna/.snakemake/log/2020-10-31T025843.414758.snakemake.log
